This is pdfTeX, Version 3.1415926-2.5-1.40.14 (TeX Live 2013) (format=pdflatex 2014.1.3)  2 APR 2014 22:09
entering extended mode
 restricted \write18 enabled.
 %&-line parsing enabled.
**formatting-instructions-latex.tex
(./formatting-instructions-latex.tex
LaTeX2e <2011/06/27>
Babel <3.9f> and hyphenation patterns for 78 languages loaded.
(/usr/local/texlive/2013/texmf-dist/tex/latex/base/article.cls
Document Class: article 2007/10/19 v1.4h Standard LaTeX document class
(/usr/local/texlive/2013/texmf-dist/tex/latex/base/size10.clo
File: size10.clo 2007/10/19 v1.4h Standard LaTeX file (size option)
)
\c@part=\count79
\c@section=\count80
\c@subsection=\count81
\c@subsubsection=\count82
\c@paragraph=\count83
\c@subparagraph=\count84
\c@figure=\count85
\c@table=\count86
\abovecaptionskip=\skip41
\belowcaptionskip=\skip42
\bibindent=\dimen102
) (./aaai.sty
Conference Style for AAAI for LaTeX 2e -- version of 1 December 2013
\titlebox=\skip43
) (/usr/local/texlive/2013/texmf-dist/tex/latex/psnfss/times.sty
Package: times 2005/04/12 PSNFSS-v9.2a (SPQR) 
)
(/usr/local/texlive/2013/texmf-dist/tex/latex/psnfss/helvet.sty
Package: helvet 2005/04/12 PSNFSS-v9.2a (WaS) 

(/usr/local/texlive/2013/texmf-dist/tex/latex/graphics/keyval.sty
Package: keyval 1999/03/16 v1.13 key=value parser (DPC)
\KV@toks@=\toks14
))
(/usr/local/texlive/2013/texmf-dist/tex/latex/psnfss/courier.sty
Package: courier 2005/04/12 PSNFSS-v9.2a (WaS) 
)
(/usr/local/texlive/2013/texmf-dist/tex/latex/graphics/graphicx.sty
Package: graphicx 1999/02/16 v1.0f Enhanced LaTeX Graphics (DPC,SPQR)

(/usr/local/texlive/2013/texmf-dist/tex/latex/graphics/graphics.sty
Package: graphics 2009/02/05 v1.0o Standard LaTeX Graphics (DPC,SPQR)

(/usr/local/texlive/2013/texmf-dist/tex/latex/graphics/trig.sty
Package: trig 1999/03/16 v1.09 sin cos tan (DPC)
)
(/usr/local/texlive/2013/texmf-dist/tex/latex/latexconfig/graphics.cfg
File: graphics.cfg 2010/04/23 v1.9 graphics configuration of TeX Live
)
Package graphics Info: Driver file: pdftex.def on input line 91.

(/usr/local/texlive/2013/texmf-dist/tex/latex/pdftex-def/pdftex.def
File: pdftex.def 2011/05/27 v0.06d Graphics/color for pdfTeX

(/usr/local/texlive/2013/texmf-dist/tex/generic/oberdiek/infwarerr.sty
Package: infwarerr 2010/04/08 v1.3 Providing info/warning/error messages (HO)
)
(/usr/local/texlive/2013/texmf-dist/tex/generic/oberdiek/ltxcmds.sty
Package: ltxcmds 2011/11/09 v1.22 LaTeX kernel commands for general use (HO)
)
\Gread@gobject=\count87
))
\Gin@req@height=\dimen103
\Gin@req@width=\dimen104
)
(./formatting-instructions-latex.aux)
\openout1 = `formatting-instructions-latex.aux'.

LaTeX Font Info:    Checking defaults for OML/cmm/m/it on input line 15.
LaTeX Font Info:    ... okay on input line 15.
LaTeX Font Info:    Checking defaults for T1/cmr/m/n on input line 15.
LaTeX Font Info:    ... okay on input line 15.
LaTeX Font Info:    Checking defaults for OT1/cmr/m/n on input line 15.
LaTeX Font Info:    ... okay on input line 15.
LaTeX Font Info:    Checking defaults for OMS/cmsy/m/n on input line 15.
LaTeX Font Info:    ... okay on input line 15.
LaTeX Font Info:    Checking defaults for OMX/cmex/m/n on input line 15.
LaTeX Font Info:    ... okay on input line 15.
LaTeX Font Info:    Checking defaults for U/cmr/m/n on input line 15.
LaTeX Font Info:    ... okay on input line 15.
LaTeX Font Info:    Try loading font information for OT1+ptm on input line 15.

(/usr/local/texlive/2013/texmf-dist/tex/latex/psnfss/ot1ptm.fd
File: ot1ptm.fd 2001/06/04 font definitions for OT1/ptm.
)
(/usr/local/texlive/2013/texmf-dist/tex/context/base/supp-pdf.mkii
[Loading MPS to PDF converter (version 2006.09.02).]
\scratchcounter=\count88
\scratchdimen=\dimen105
\scratchbox=\box26
\nofMPsegments=\count89
\nofMParguments=\count90
\everyMPshowfont=\toks15
\MPscratchCnt=\count91
\MPscratchDim=\dimen106
\MPnumerator=\count92
\makeMPintoPDFobject=\count93
\everyMPtoPDFconversion=\toks16
) (/usr/local/texlive/2013/texmf-dist/tex/generic/oberdiek/pdftexcmds.sty
Package: pdftexcmds 2011/11/29 v0.20 Utility functions of pdfTeX for LuaTeX (HO
)

(/usr/local/texlive/2013/texmf-dist/tex/generic/oberdiek/ifluatex.sty
Package: ifluatex 2010/03/01 v1.3 Provides the ifluatex switch (HO)
Package ifluatex Info: LuaTeX not detected.
)
(/usr/local/texlive/2013/texmf-dist/tex/generic/oberdiek/ifpdf.sty
Package: ifpdf 2011/01/30 v2.3 Provides the ifpdf switch (HO)
Package ifpdf Info: pdfTeX in PDF mode is detected.
)
Package pdftexcmds Info: LuaTeX not detected.
Package pdftexcmds Info: \pdf@primitive is available.
Package pdftexcmds Info: \pdf@ifprimitive is available.
Package pdftexcmds Info: \pdfdraftmode found.
)
(/usr/local/texlive/2013/texmf-dist/tex/latex/oberdiek/epstopdf-base.sty
Package: epstopdf-base 2010/02/09 v2.5 Base part for package epstopdf

(/usr/local/texlive/2013/texmf-dist/tex/latex/oberdiek/grfext.sty
Package: grfext 2010/08/19 v1.1 Manage graphics extensions (HO)

(/usr/local/texlive/2013/texmf-dist/tex/generic/oberdiek/kvdefinekeys.sty
Package: kvdefinekeys 2011/04/07 v1.3 Define keys (HO)
))
(/usr/local/texlive/2013/texmf-dist/tex/latex/oberdiek/kvoptions.sty
Package: kvoptions 2011/06/30 v3.11 Key value format for package options (HO)

(/usr/local/texlive/2013/texmf-dist/tex/generic/oberdiek/kvsetkeys.sty
Package: kvsetkeys 2012/04/25 v1.16 Key value parser (HO)

(/usr/local/texlive/2013/texmf-dist/tex/generic/oberdiek/etexcmds.sty
Package: etexcmds 2011/02/16 v1.5 Avoid name clashes with e-TeX commands (HO)
Package etexcmds Info: Could not find \expanded.
(etexcmds)             That can mean that you are not using pdfTeX 1.50 or
(etexcmds)             that some package has redefined \expanded.
(etexcmds)             In the latter case, load this package earlier.
)))
Package grfext Info: Graphics extension search list:
(grfext)             [.png,.pdf,.jpg,.mps,.jpeg,.jbig2,.jb2,.PNG,.PDF,.JPG,.JPE
G,.JBIG2,.JB2,.eps]
(grfext)             \AppendGraphicsExtensions on input line 452.

(/usr/local/texlive/2013/texmf-dist/tex/latex/latexconfig/epstopdf-sys.cfg
File: epstopdf-sys.cfg 2010/07/13 v1.3 Configuration of (r)epstopdf for TeX Liv
e
))
LaTeX Font Info:    Font shape `OT1/ptm/bx/n' in size <14.4> not available
(Font)              Font shape `OT1/ptm/b/n' tried instead on input line 25.
LaTeX Font Info:    External font `cmex10' loaded for size
(Font)              <14.4> on input line 25.
LaTeX Font Info:    External font `cmex10' loaded for size
(Font)              <7> on input line 25.
LaTeX Font Info:    Font shape `OT1/ptm/bx/n' in size <10> not available
(Font)              Font shape `OT1/ptm/b/n' tried instead on input line 25.
LaTeX Font Info:    External font `cmex10' loaded for size
(Font)              <5> on input line 25.
LaTeX Font Info:    Font shape `OT1/ptm/bx/n' in size <12> not available
(Font)              Font shape `OT1/ptm/b/n' tried instead on input line 25.
LaTeX Font Info:    Try loading font information for OMS+ptm on input line 25.

(/usr/local/texlive/2013/texmf-dist/tex/latex/psnfss/omsptm.fd
File: omsptm.fd 
)
LaTeX Font Info:    Font shape `OMS/ptm/m/n' in size <9> not available
(Font)              Font shape `OMS/cmsy/m/n' tried instead on input line 25.
Missing character: There is no â in font ptmr7t!
Missing character: There is no € in font ptmr7t!
Missing character: There is no ” in font ptmr7t!

<dict.png, id=1, 200.71494pt x 184.30428pt>
File: dict.png Graphic file (type png)
 <use dict.png>
Package pdftex.def Info: dict.png used on input line 42.
(pdftex.def)             Requested size: 200.71443pt x 184.30382pt.
Missing character: There is no å in font ptmr7t!
Missing character: There is no œ in font ptmr7t!
Missing character: There is no – in font ptmr7t!
 [1{/usr/local/texlive/2013/texmf-var/fonts/map/pdftex/updmap/pdftex.map}



 <./dict.png>]
LaTeX Font Info:    Font shape `OMS/ptm/m/n' in size <10> not available
(Font)              Font shape `OMS/cmsy/m/n' tried instead on input line 65.
LaTeX Font Info:    Font shape `OT1/ptm/bx/n' in size <10.95> not available
(Font)              Font shape `OT1/ptm/b/n' tried instead on input line 75.

Underfull \hbox (badness 2065) in paragraph at lines 80--81
[]\OT1/ptm/m/n/10 Sivaram, Garimella SVS, et al. "Sparse cod-ing for
 []


Underfull \hbox (badness 1226) in paragraph at lines 84--85
\OT1/ptm/m/n/10 Ad-vances in neu-ral in-for-ma-tion pro-cess-ing sys-tems 19
 []


Underfull \hbox (badness 2277) in paragraph at lines 92--94
\OT1/ptm/m/n/10 ing Al-go-rithms for Ap-prox-i-mate Near-est Neigh-bor in
 []


Underfull \hbox (badness 1152) in paragraph at lines 92--94
\OT1/ptm/m/n/10 High Di-men-sions" (by Alexandr An-doni and Pi-otr In-
 []


LaTeX Font Warning: Font shape `OMS/ptm/bx/n' undefined
(Font)              using `OMS/ptm/m/n' instead
(Font)              for symbol `textbullet' on input line 104.

LaTeX Font Info:    Font shape `OMS/ptm/bx/n' in size <10> not available
(Font)              Font shape `OMS/cmsy/m/n' tried instead on input line 104.
[2] [3]
LaTeX Font Info:    External font `cmex10' loaded for size
(Font)              <12> on input line 185.
LaTeX Font Info:    External font `cmex10' loaded for size
(Font)              <8> on input line 185.
LaTeX Font Info:    External font `cmex10' loaded for size
(Font)              <6> on input line 185.
LaTeX Font Info:    Font shape `OT1/ptm/bx/n' in size <8> not available
(Font)              Font shape `OT1/ptm/b/n' tried instead on input line 185.
LaTeX Font Info:    External font `cmex10' loaded for size
(Font)              <9> on input line 207.

Underfull \hbox (badness 10000) in paragraph at lines 198--237
\OMS/cmsy/m/n/9 n\OT1/ptm/m/n/9 setlength\OMS/cmsy/m/n/9 fn\OT1/ptm/m/n/9 pdfpa
gewidth\OMS/cmsy/m/n/9 gf\OT1/ptm/m/n/9 8.5in\OMS/cmsy/m/n/9 g
 []

LaTeX Font Info:    External font `cmex10' loaded for size
(Font)              <10.95> on input line 239.
[4]
Underfull \hbox (badness 10000) in paragraph at lines 254--261

 []


Underfull \hbox (badness 1281) in paragraph at lines 263--264
\OT1/ptm/m/n/10 The fol-low-ing pack-ages are in-com-pat-i-ble with aaai.sty
 []


Underfull \hbox (badness 3333) in paragraph at lines 298--302
[]\OT1/ptm/m/n/10 This com-mand is usu-ally suf-fi-cient to change the
 []


Underfull \hbox (badness 3965) in paragraph at lines 298--302
\OT1/ptm/m/n/10 for-mat. Some-times, how-ever, it may not work. Use
 []


Underfull \hbox (badness 1087) in paragraph at lines 310--312
\OMS/cmsy/m/n/10 n\OT1/ptm/m/n/10 abovedisplayskip, \OMS/cmsy/m/n/10 n\OT1/ptm/
m/n/10 belowdisplayskip, and \OMS/cmsy/m/n/10 n\OT1/ptm/m/n/10 arraycolsep.
 []


Underfull \hbox (badness 2035) in paragraph at lines 313--314
\OT1/ptm/m/n/10 in-clude \OMS/cmsy/m/n/10 n\OT1/ptm/m/n/10 columnsep, \OMS/cmsy
/m/n/10 n\OT1/ptm/m/n/10 topmargin, \OMS/cmsy/m/n/10 n\OT1/ptm/m/n/10 topskip, 
\OMS/cmsy/m/n/10 n\OT1/ptm/m/n/10 textheight,
 []

[5]
LaTeX Font Info:    Font shape `OT1/ptm/bx/n' in size <7> not available
(Font)              Font shape `OT1/ptm/b/n' tried instead on input line 333.

Underfull \hbox (badness 1264) in paragraph at lines 333--335
 \OT1/ptm/b/n/10 Ob-tain-ing Type 1 Com-puter Mod-ern for L[]T[]X. \OT1/ptm/m/n
/10 If
 []


Underfull \hbox (badness 1281) in paragraph at lines 333--335
\OT1/ptm/m/n/10 pa-per (you can-not use it for the text) you may need
 []


Underfull \hbox (badness 1092) in paragraph at lines 386--389
\OT1/ptm/m/n/10 If the ti-tle and au-thor in-for-ma-tion does not fit in the
 []

LaTeX Font Info:    Try loading font information for OT1+pcr on input line 391.

(/usr/local/texlive/2013/texmf-dist/tex/latex/psnfss/ot1pcr.fd
File: ot1pcr.fd 2001/06/04 font definitions for OT1/pcr.
)
Underfull \hbox (badness 1231) in paragraph at lines 391--394
\OT1/ptm/m/n/10 The copy-right no-tice au-to-mat-i-cally ap-pears if you use
 []

Missing character: There is no ï in font ptmr7t!
Missing character: There is no ¿ in font ptmr7t!
Missing character: There is no ½ in font ptmr7t!
Missing character: There is no ï in font ptmr7t!
Missing character: There is no ¿ in font ptmr7t!
Missing character: There is no ½ in font ptmr7t!
[6]
Underfull \hbox (badness 3209) in paragraph at lines 442--443
 \OT1/ptm/b/n/10 Sec-tion Head-ings. \OT1/ptm/m/n/10 Sec-tions should be ar-ran
ged and
 []


Underfull \hbox (badness 1248) in paragraph at lines 445--446
\OT1/ptm/m/n/10 ``Ac-knowl-edg-ments." This sec-tion in-cludes ac-knowl-edg-
 []


Underfull \hbox (badness 2158) in paragraph at lines 448--449
 \OT1/ptm/b/n/10 Ap-pen-dices. \OT1/ptm/m/n/10 Any ap-pen-dices fol-low the ac-
knowl-edg-
 []


Underfull \hbox (badness 2035) in paragraph at lines 451--452
 \OT1/ptm/b/n/10 Ref-er-ences \OT1/ptm/m/n/10 The ref-er-ences sec-tion should 
be la-beled
 []


Underfull \hbox (badness 10000) in paragraph at lines 459--460
 \OT1/ptm/b/n/10 Low-Resolution Bitmaps. \OT1/ptm/m/n/10 You may not use low-
 []


Underfull \hbox (badness 5403) in paragraph at lines 459--460
\OT1/ptm/m/n/10 resolution (such as 72 dpi) screen-dumps and GIF
 []

[7] [8]
Underfull \hbox (badness 1028) in paragraph at lines 584--585
\OT1/ptm/m/n/10 L[]T[]X is a dif-fi-cult pro-gram to mas-ter. If you've used
 []


Underfull \hbox (badness 1389) in paragraph at lines 584--585
\OT1/ptm/m/n/10 that soft-ware, and this doc-u-ment didn't help or some
 []


Underfull \hbox (badness 1087) in paragraph at lines 584--585
\OT1/ptm/m/n/10 2002/08/13) about ob-tain-ing cor-rect PS/PDF out-put on
 []

[9] [10

] (./formatting-instructions-latex.aux)

LaTeX Font Warning: Some font shapes were not available, defaults substituted.

 ) 
Here is how much of TeX's memory you used:
 1681 strings out of 493315
 24525 string characters out of 6137905
 88138 words of memory out of 5000000
 5103 multiletter control sequences out of 15000+600000
 32301 words of font info for 63 fonts, out of 8000000 for 9000
 957 hyphenation exceptions out of 8191
 37i,10n,23p,1002b,240s stack positions out of 5000i,500n,10000p,200000b,80000s
{/usr/local/texlive/2013/texmf-dist/fonts/enc/dvips/base/8r.enc}</usr/local/t
exlive/2013/texmf-dist/fonts/type1/public/amsfonts/cm/cmsy10.pfb></usr/local/te
xlive/2013/texmf-dist/fonts/type1/public/amsfonts/cm/cmsy9.pfb></usr/local/texl
ive/2013/texmf-dist/fonts/type1/urw/courier/ucrr8a.pfb></usr/local/texlive/2013
/texmf-dist/fonts/type1/urw/times/utmb8a.pfb></usr/local/texlive/2013/texmf-dis
t/fonts/type1/urw/times/utmr8a.pfb></usr/local/texlive/2013/texmf-dist/fonts/ty
pe1/urw/times/utmri8a.pfb>
Output written on formatting-instructions-latex.pdf (10 pages, 557449 bytes).
PDF statistics:
 65 PDF objects out of 1000 (max. 8388607)
 44 compressed objects within 1 object stream
 0 named destinations out of 1000 (max. 500000)
 6 words of extra memory for PDF output out of 10000 (max. 10000000)

